# JRE version: Java(TM) SE Runtime Environment (8.0_191-b12) (build 1.8.0_191-b12)
# Java VM: Java HotSpot(TM) 64-Bit Server VM (25.191-b12 mixed mode windows-amd64 compressed oops)
Heap:
 PSYoungGen      total 284160K, used 23607K [0x00000000d5d00000, 0x00000000e8e00000, 0x0000000100000000)
  eden space 260608K, 9% used [0x00000000d5d00000,0x00000000d740deb8,0x00000000e5b80000)
  from space 23552K, 0% used [0x00000000e5b80000,0x00000000e5b80000,0x00000000e7280000)
  to   space 18944K, 0% used [0x00000000e7280000,0x00000000e7280000,0x00000000e8500000)
 ParOldGen       total 82432K, used 35035K [0x0000000081600000, 0x0000000086680000, 0x00000000d5d00000)
  object space 82432K, 42% used [0x0000000081600000,0x0000000083836f10,0x0000000086680000)
 Metaspace       used 25054K, capacity 25688K, committed 25856K, reserved 1071104K
  class space    used 3004K, capacity 3248K, committed 3328K, reserved 1048576K
GC Heap History (10 events):
Event: 2.792 GC heap before
{Heap before GC invocations=6 (full 0):
 PSYoungGen      total 71680K, used 71664K [0x00000000d5d00000, 0x00000000df800000, 0x0000000100000000)
  eden space 66560K, 100% used [0x00000000d5d00000,0x00000000d9e00000,0x00000000d9e00000)
  from space 5120K, 99% used [0x00000000d9e00000,0x00000000da2fc030,0x00000000da300000)
  to   space 12800K, 0% used [0x00000000deb80000,0x00000000deb80000,0x00000000df800000)
 ParOldGen       total 87552K, used 15190K [0x0000000081600000, 0x0000000086b80000, 0x00000000d5d00000)
  object space 87552K, 17% used [0x0000000081600000,0x00000000824d5988,0x0000000086b80000)
 Metaspace       used 15633K, capacity 15838K, committed 16128K, reserved 1062912K
  class space    used 1852K, capacity 1949K, committed 2048K, reserved 1048576K
Event: 2.802 GC heap after
Heap after GC invocations=6 (full 0):
 PSYoungGen      total 145408K, used 10304K [0x00000000d5d00000, 0x00000000df900000, 0x0000000100000000)
  eden space 132608K, 0% used [0x00000000d5d00000,0x00000000d5d00000,0x00000000dde80000)
  from space 12800K, 80% used [0x00000000deb80000,0x00000000df590020,0x00000000df800000)
  to   space 13312K, 0% used [0x00000000dde80000,0x00000000dde80000,0x00000000deb80000)
 ParOldGen       total 87552K, used 15190K [0x0000000081600000, 0x0000000086b80000, 0x00000000d5d00000)
  object space 87552K, 17% used [0x0000000081600000,0x00000000824d5988,0x0000000086b80000)
 Metaspace       used 15633K, capacity 15838K, committed 16128K, reserved 1062912K
  class space    used 1852K, capacity 1949K, committed 2048K, reserved 1048576K
}
Event: 3.923 GC heap before
{Heap before GC invocations=7 (full 0):
 PSYoungGen      total 145408K, used 142912K [0x00000000d5d00000, 0x00000000df900000, 0x0000000100000000)
  eden space 132608K, 100% used [0x00000000d5d00000,0x00000000dde80000,0x00000000dde80000)
  from space 12800K, 80% used [0x00000000deb80000,0x00000000df590020,0x00000000df800000)
  to   space 13312K, 0% used [0x00000000dde80000,0x00000000dde80000,0x00000000deb80000)
 ParOldGen       total 87552K, used 15190K [0x0000000081600000, 0x0000000086b80000, 0x00000000d5d00000)
  object space 87552K, 17% used [0x0000000081600000,0x00000000824d5988,0x0000000086b80000)
 Metaspace       used 16160K, capacity 16464K, committed 16640K, reserved 1064960K
  class space    used 1870K, capacity 1984K, committed 2048K, reserved 1048576K
Event: 3.947 GC heap after
Heap after GC invocations=7 (full 0):
 PSYoungGen      total 145920K, used 13312K [0x00000000d5d00000, 0x00000000e8500000, 0x0000000100000000)
  eden space 132608K, 0% used [0x00000000d5d00000,0x00000000d5d00000,0x00000000dde80000)
  from space 13312K, 100% used [0x00000000dde80000,0x00000000deb80000,0x00000000deb80000)
  to   space 18944K, 0% used [0x00000000e7280000,0x00000000e7280000,0x00000000e8500000)
 ParOldGen       total 87552K, used 23096K [0x0000000081600000, 0x0000000086b80000, 0x00000000d5d00000)
  object space 87552K, 26% used [0x0000000081600000,0x0000000082c8e1a0,0x0000000086b80000)
 Metaspace       used 16160K, capacity 16464K, committed 16640K, reserved 1064960K
  class space    used 1870K, capacity 1984K, committed 2048K, reserved 1048576K
}
Event: 5.946 GC heap before
{Heap before GC invocations=8 (full 0):
 PSYoungGen      total 145920K, used 145920K [0x00000000d5d00000, 0x00000000e8500000, 0x0000000100000000)
  eden space 132608K, 100% used [0x00000000d5d00000,0x00000000dde80000,0x00000000dde80000)
  from space 13312K, 100% used [0x00000000dde80000,0x00000000deb80000,0x00000000deb80000)
  to   space 18944K, 0% used [0x00000000e7280000,0x00000000e7280000,0x00000000e8500000)
 ParOldGen       total 87552K, used 23096K [0x0000000081600000, 0x0000000086b80000, 0x00000000d5d00000)
  object space 87552K, 26% used [0x0000000081600000,0x0000000082c8e1a0,0x0000000086b80000)
 Metaspace       used 20502K, capacity 21006K, committed 21296K, reserved 1069056K
  class space    used 2419K, capacity 2591K, committed 2688K, reserved 1048576K
Event: 5.969 GC heap after
Heap after GC invocations=8 (full 0):
 PSYoungGen      total 279552K, used 18943K [0x00000000d5d00000, 0x00000000e8e00000, 0x0000000100000000)
  eden space 260608K, 0% used [0x00000000d5d00000,0x00000000d5d00000,0x00000000e5b80000)
  from space 18944K, 99% used [0x00000000e7280000,0x00000000e84ffdf8,0x00000000e8500000)
  to   space 23552K, 0% used [0x00000000e5b80000,0x00000000e5b80000,0x00000000e7280000)
 ParOldGen       total 87552K, used 27421K [0x0000000081600000, 0x0000000086b80000, 0x00000000d5d00000)
  object space 87552K, 31% used [0x0000000081600000,0x00000000830c77b8,0x0000000086b80000)
 Metaspace       used 20502K, capacity 21006K, committed 21296K, reserved 1069056K
  class space    used 2419K, capacity 2591K, committed 2688K, reserved 1048576K
}
Event: 5.986 GC heap before
{Heap before GC invocations=9 (full 0):
 PSYoungGen      total 279552K, used 25619K [0x00000000d5d00000, 0x00000000e8e00000, 0x0000000100000000)
  eden space 260608K, 2% used [0x00000000d5d00000,0x00000000d6384e18,0x00000000e5b80000)
  from space 18944K, 99% used [0x00000000e7280000,0x00000000e84ffdf8,0x00000000e8500000)
  to   space 23552K, 0% used [0x00000000e5b80000,0x00000000e5b80000,0x00000000e7280000)
 ParOldGen       total 87552K, used 27421K [0x0000000081600000, 0x0000000086b80000, 0x00000000d5d00000)
  object space 87552K, 31% used [0x0000000081600000,0x00000000830c77b8,0x0000000086b80000)
 Metaspace       used 20615K, capacity 21102K, committed 21296K, reserved 1069056K
  class space    used 2436K, capacity 2623K, committed 2688K, reserved 1048576K
Event: 6.001 GC heap after
Heap after GC invocations=9 (full 0):
 PSYoungGen      total 284160K, used 12768K [0x00000000d5d00000, 0x00000000e8e00000, 0x0000000100000000)
  eden space 260608K, 0% used [0x00000000d5d00000,0x00000000d5d00000,0x00000000e5b80000)
  from space 23552K, 54% used [0x00000000e5b80000,0x00000000e67f8000,0x00000000e7280000)
  to   space 18944K, 0% used [0x00000000e7280000,0x00000000e7280000,0x00000000e8500000)
 ParOldGen       total 87552K, used 31118K [0x0000000081600000, 0x0000000086b80000, 0x00000000d5d00000)
  object space 87552K, 35% used [0x0000000081600000,0x0000000083463be8,0x0000000086b80000)
 Metaspace       used 20615K, capacity 21102K, committed 21296K, reserved 1069056K
  class space    used 2436K, capacity 2623K, committed 2688K, reserved 1048576K
}
Event: 6.001 GC heap before
{Heap before GC invocations=10 (full 1):
 PSYoungGen      total 284160K, used 12768K [0x00000000d5d00000, 0x00000000e8e00000, 0x0000000100000000)
  eden space 260608K, 0% used [0x00000000d5d00000,0x00000000d5d00000,0x00000000e5b80000)
  from space 23552K, 54% used [0x00000000e5b80000,0x00000000e67f8000,0x00000000e7280000)
  to   space 18944K, 0% used [0x00000000e7280000,0x00000000e7280000,0x00000000e8500000)
 ParOldGen       total 87552K, used 31118K [0x0000000081600000, 0x0000000086b80000, 0x00000000d5d00000)
  object space 87552K, 35% used [0x0000000081600000,0x0000000083463be8,0x0000000086b80000)
 Metaspace       used 20615K, capacity 21102K, committed 21296K, reserved 1069056K
  class space    used 2436K, capacity 2623K, committed 2688K, reserved 1048576K
Event: 6.155 GC heap after
Heap after GC invocations=10 (full 1):
 PSYoungGen      total 284160K, used 0K [0x00000000d5d00000, 0x00000000e8e00000, 0x0000000100000000)
  eden space 260608K, 0% used [0x00000000d5d00000,0x00000000d5d00000,0x00000000e5b80000)
  from space 23552K, 0% used [0x00000000e5b80000,0x00000000e5b80000,0x00000000e7280000)
  to   space 18944K, 0% used [0x00000000e7280000,0x00000000e7280000,0x00000000e8500000)
 ParOldGen       total 82432K, used 35035K [0x0000000081600000, 0x0000000086680000, 0x00000000d5d00000)
  object space 82432K, 42% used [0x0000000081600000,0x0000000083836f10,0x0000000086680000)
 Metaspace       used 20615K, capacity 21102K, committed 21296K, reserved 1069056K
  class space    used 2436K, capacity 2623K, committed 2688K, reserved 1048576K
}

