# JRE version: Java(TM) SE Runtime Environment (8.0_191-b12) (build 1.8.0_191-b12)
# Java VM: Java HotSpot(TM) 64-Bit Server VM (25.191-b12 mixed mode windows-amd64 compressed oops)
Heap:
 PSYoungGen      total 521728K, used 209903K [0x00000000d5d00000, 0x00000000f9700000, 0x0000000100000000)
  eden space 515584K, 40% used [0x00000000d5d00000,0x00000000e29fbc28,0x00000000f5480000)
  from space 6144K, 0% used [0x00000000f7200000,0x00000000f7200000,0x00000000f7800000)
  to   space 30208K, 0% used [0x00000000f5480000,0x00000000f5480000,0x00000000f7200000)
 ParOldGen       total 206336K, used 64049K [0x0000000081600000, 0x000000008df80000, 0x00000000d5d00000)
  object space 206336K, 31% used [0x0000000081600000,0x000000008548c6e0,0x000000008df80000)
 Metaspace       used 62070K, capacity 63004K, committed 63488K, reserved 1103872K
  class space    used 7797K, capacity 8066K, committed 8192K, reserved 1048576K
GC Heap History (10 events):
Event: 7.410 GC heap before
{Heap before GC invocations=9 (full 1):
 PSYoungGen      total 284672K, used 158212K [0x00000000d5d00000, 0x00000000f8d00000, 0x0000000100000000)
  eden space 264704K, 59% used [0x00000000d5d00000,0x00000000df7812c8,0x00000000e5f80000)
  from space 19968K, 0% used [0x00000000e5f80000,0x00000000e5f80000,0x00000000e7300000)
  to   space 22016K, 0% used [0x00000000f7780000,0x00000000f7780000,0x00000000f8d00000)
 ParOldGen       total 103424K, used 38178K [0x0000000081600000, 0x0000000087b00000, 0x00000000d5d00000)
  object space 103424K, 36% used [0x0000000081600000,0x0000000083b48a08,0x0000000087b00000)
 Metaspace       used 34515K, capacity 35148K, committed 35456K, reserved 1081344K
  class space    used 4156K, capacity 4382K, committed 4480K, reserved 1048576K
Event: 7.427 GC heap after
Heap after GC invocations=9 (full 1):
 PSYoungGen      total 387584K, used 17671K [0x00000000d5d00000, 0x00000000f8900000, 0x0000000100000000)
  eden space 369664K, 0% used [0x00000000d5d00000,0x00000000d5d00000,0x00000000ec600000)
  from space 17920K, 98% used [0x00000000f7780000,0x00000000f88c1eb0,0x00000000f8900000)
  to   space 23552K, 0% used [0x00000000f5b00000,0x00000000f5b00000,0x00000000f7200000)
 ParOldGen       total 103424K, used 38186K [0x0000000081600000, 0x0000000087b00000, 0x00000000d5d00000)
  object space 103424K, 36% used [0x0000000081600000,0x0000000083b4aa08,0x0000000087b00000)
 Metaspace       used 34515K, capacity 35148K, committed 35456K, reserved 1081344K
  class space    used 4156K, capacity 4382K, committed 4480K, reserved 1048576K
}
Event: 7.427 GC heap before
{Heap before GC invocations=10 (full 2):
 PSYoungGen      total 387584K, used 17671K [0x00000000d5d00000, 0x00000000f8900000, 0x0000000100000000)
  eden space 369664K, 0% used [0x00000000d5d00000,0x00000000d5d00000,0x00000000ec600000)
  from space 17920K, 98% used [0x00000000f7780000,0x00000000f88c1eb0,0x00000000f8900000)
  to   space 23552K, 0% used [0x00000000f5b00000,0x00000000f5b00000,0x00000000f7200000)
 ParOldGen       total 103424K, used 38186K [0x0000000081600000, 0x0000000087b00000, 0x00000000d5d00000)
  object space 103424K, 36% used [0x0000000081600000,0x0000000083b4aa08,0x0000000087b00000)
 Metaspace       used 34515K, capacity 35148K, committed 35456K, reserved 1081344K
  class space    used 4156K, capacity 4382K, committed 4480K, reserved 1048576K
Event: 7.494 GC heap after
Heap after GC invocations=10 (full 2):
 PSYoungGen      total 387584K, used 0K [0x00000000d5d00000, 0x00000000f8900000, 0x0000000100000000)
  eden space 369664K, 0% used [0x00000000d5d00000,0x00000000d5d00000,0x00000000ec600000)
  from space 17920K, 0% used [0x00000000f7780000,0x00000000f7780000,0x00000000f8900000)
  to   space 23552K, 0% used [0x00000000f5b00000,0x00000000f5b00000,0x00000000f7200000)
 ParOldGen       total 152064K, used 51861K [0x0000000081600000, 0x000000008aa80000, 0x00000000d5d00000)
  object space 152064K, 34% used [0x0000000081600000,0x00000000848a56b8,0x000000008aa80000)
 Metaspace       used 34515K, capacity 35148K, committed 35456K, reserved 1081344K
  class space    used 4156K, capacity 4382K, committed 4480K, reserved 1048576K
}
Event: 10.229 GC heap before
{Heap before GC invocations=11 (full 2):
 PSYoungGen      total 387584K, used 369664K [0x00000000d5d00000, 0x00000000f8900000, 0x0000000100000000)
  eden space 369664K, 100% used [0x00000000d5d00000,0x00000000ec600000,0x00000000ec600000)
  from space 17920K, 0% used [0x00000000f7780000,0x00000000f7780000,0x00000000f8900000)
  to   space 23552K, 0% used [0x00000000f5b00000,0x00000000f5b00000,0x00000000f7200000)
 ParOldGen       total 152064K, used 51861K [0x0000000081600000, 0x000000008aa80000, 0x00000000d5d00000)
  object space 152064K, 34% used [0x0000000081600000,0x00000000848a56b8,0x000000008aa80000)
 Metaspace       used 52301K, capacity 53260K, committed 53504K, reserved 1095680K
  class space    used 6591K, capacity 6886K, committed 6912K, reserved 1048576K
Event: 10.258 GC heap after
Heap after GC invocations=11 (full 2):
 PSYoungGen      total 463360K, used 23528K [0x00000000d5d00000, 0x00000000f7800000, 0x0000000100000000)
  eden space 439808K, 0% used [0x00000000d5d00000,0x00000000d5d00000,0x00000000f0a80000)
  from space 23552K, 99% used [0x00000000f5b00000,0x00000000f71fa1a0,0x00000000f7200000)
  to   space 6144K, 0% used [0x00000000f7200000,0x00000000f7200000,0x00000000f7800000)
 ParOldGen       total 152064K, used 55961K [0x0000000081600000, 0x000000008aa80000, 0x00000000d5d00000)
  object space 152064K, 36% used [0x0000000081600000,0x0000000084ca6748,0x000000008aa80000)
 Metaspace       used 52301K, capacity 53260K, committed 53504K, reserved 1095680K
  class space    used 6591K, capacity 6886K, committed 6912K, reserved 1048576K
}
Event: 11.408 GC heap before
{Heap before GC invocations=12 (full 2):
 PSYoungGen      total 463360K, used 205251K [0x00000000d5d00000, 0x00000000f7800000, 0x0000000100000000)
  eden space 439808K, 41% used [0x00000000d5d00000,0x00000000e0e76e50,0x00000000f0a80000)
  from space 23552K, 99% used [0x00000000f5b00000,0x00000000f71fa1a0,0x00000000f7200000)
  to   space 6144K, 0% used [0x00000000f7200000,0x00000000f7200000,0x00000000f7800000)
 ParOldGen       total 152064K, used 55961K [0x0000000081600000, 0x000000008aa80000, 0x00000000d5d00000)
  object space 152064K, 36% used [0x0000000081600000,0x0000000084ca6748,0x000000008aa80000)
 Metaspace       used 58047K, capacity 58934K, committed 59096K, reserved 1101824K
  class space    used 7263K, capacity 7533K, committed 7552K, reserved 1048576K
Event: 11.428 GC heap after
Heap after GC invocations=12 (full 2):
 PSYoungGen      total 521728K, used 6132K [0x00000000d5d00000, 0x00000000f9700000, 0x0000000100000000)
  eden space 515584K, 0% used [0x00000000d5d00000,0x00000000d5d00000,0x00000000f5480000)
  from space 6144K, 99% used [0x00000000f7200000,0x00000000f77fd170,0x00000000f7800000)
  to   space 30208K, 0% used [0x00000000f5480000,0x00000000f5480000,0x00000000f7200000)
 ParOldGen       total 152064K, used 73328K [0x0000000081600000, 0x000000008aa80000, 0x00000000d5d00000)
  object space 152064K, 48% used [0x0000000081600000,0x0000000085d9c2f8,0x000000008aa80000)
 Metaspace       used 58047K, capacity 58934K, committed 59096K, reserved 1101824K
  class space    used 7263K, capacity 7533K, committed 7552K, reserved 1048576K
}
Event: 11.428 GC heap before
{Heap before GC invocations=13 (full 3):
 PSYoungGen      total 521728K, used 6132K [0x00000000d5d00000, 0x00000000f9700000, 0x0000000100000000)
  eden space 515584K, 0% used [0x00000000d5d00000,0x00000000d5d00000,0x00000000f5480000)
  from space 6144K, 99% used [0x00000000f7200000,0x00000000f77fd170,0x00000000f7800000)
  to   space 30208K, 0% used [0x00000000f5480000,0x00000000f5480000,0x00000000f7200000)
 ParOldGen       total 152064K, used 73328K [0x0000000081600000, 0x000000008aa80000, 0x00000000d5d00000)
  object space 152064K, 48% used [0x0000000081600000,0x0000000085d9c2f8,0x000000008aa80000)
 Metaspace       used 58047K, capacity 58934K, committed 59096K, reserved 1101824K
  class space    used 7263K, capacity 7533K, committed 7552K, reserved 1048576K
Event: 11.695 GC heap after
Heap after GC invocations=13 (full 3):
 PSYoungGen      total 521728K, used 0K [0x00000000d5d00000, 0x00000000f9700000, 0x0000000100000000)
  eden space 515584K, 0% used [0x00000000d5d00000,0x00000000d5d00000,0x00000000f5480000)
  from space 6144K, 0% used [0x00000000f7200000,0x00000000f7200000,0x00000000f7800000)
  to   space 30208K, 0% used [0x00000000f5480000,0x00000000f5480000,0x00000000f7200000)
 ParOldGen       total 206336K, used 64049K [0x0000000081600000, 0x000000008df80000, 0x00000000d5d00000)
  object space 206336K, 31% used [0x0000000081600000,0x000000008548c6e0,0x000000008df80000)
 Metaspace       used 58047K, capacity 58934K, committed 59096K, reserved 1101824K
  class space    used 7263K, capacity 7533K, committed 7552K, reserved 1048576K
}

