# JRE version: Java(TM) SE Runtime Environment (8.0_191-b12) (build 1.8.0_191-b12)
# Java VM: Java HotSpot(TM) 64-Bit Server VM (25.191-b12 mixed mode windows-amd64 compressed oops)
Heap:
 PSYoungGen      total 284160K, used 16134K [0x00000000d5d00000, 0x00000000e8800000, 0x0000000100000000)
  eden space 264192K, 6% used [0x00000000d5d00000,0x00000000d6cc1bc8,0x00000000e5f00000)
  from space 19968K, 0% used [0x00000000e5f00000,0x00000000e5f00000,0x00000000e7280000)
  to   space 17920K, 0% used [0x00000000e7280000,0x00000000e7280000,0x00000000e8400000)
 ParOldGen       total 102912K, used 39778K [0x0000000081600000, 0x0000000087a80000, 0x00000000d5d00000)
  object space 102912K, 38% used [0x0000000081600000,0x0000000083cd8b98,0x0000000087a80000)
 Metaspace       used 38597K, capacity 39192K, committed 39808K, reserved 1087488K
  class space    used 4632K, capacity 4850K, committed 4992K, reserved 1048576K
GC Heap History (10 events):
Event: 7.693 GC heap before
{Heap before GC invocations=12 (full 3):
 PSYoungGen      total 284160K, used 3059K [0x00000000d5d00000, 0x00000000e8800000, 0x0000000100000000)
  eden space 264192K, 0% used [0x00000000d5d00000,0x00000000d5d00000,0x00000000e5f00000)
  from space 19968K, 15% used [0x00000000e5f00000,0x00000000e61fcd98,0x00000000e7280000)
  to   space 17920K, 0% used [0x00000000e7280000,0x00000000e7280000,0x00000000e8400000)
 ParOldGen       total 102912K, used 51646K [0x0000000081600000, 0x0000000087a80000, 0x00000000d5d00000)
  object space 102912K, 50% used [0x0000000081600000,0x000000008486f988,0x0000000087a80000)
 Metaspace       used 37134K, capacity 37764K, committed 38016K, reserved 1087488K
  class space    used 4436K, capacity 4658K, committed 4736K, reserved 1048576K
Event: 7.908 GC heap after
Heap after GC invocations=12 (full 3):
 PSYoungGen      total 284160K, used 0K [0x00000000d5d00000, 0x00000000e8800000, 0x0000000100000000)
  eden space 264192K, 0% used [0x00000000d5d00000,0x00000000d5d00000,0x00000000e5f00000)
  from space 19968K, 0% used [0x00000000e5f00000,0x00000000e5f00000,0x00000000e7280000)
  to   space 17920K, 0% used [0x00000000e7280000,0x00000000e7280000,0x00000000e8400000)
 ParOldGen       total 102912K, used 44391K [0x0000000081600000, 0x0000000087a80000, 0x00000000d5d00000)
  object space 102912K, 43% used [0x0000000081600000,0x0000000084159f60,0x0000000087a80000)
 Metaspace       used 37134K, capacity 37764K, committed 38016K, reserved 1085440K
  class space    used 4436K, capacity 4658K, committed 4736K, reserved 1048576K
}
Event: 7.918 GC heap before
{Heap before GC invocations=13 (full 3):
 PSYoungGen      total 284160K, used 1651K [0x00000000d5d00000, 0x00000000e8800000, 0x0000000100000000)
  eden space 264192K, 0% used [0x00000000d5d00000,0x00000000d5e9cde0,0x00000000e5f00000)
  from space 19968K, 0% used [0x00000000e5f00000,0x00000000e5f00000,0x00000000e7280000)
  to   space 17920K, 0% used [0x00000000e7280000,0x00000000e7280000,0x00000000e8400000)
 ParOldGen       total 102912K, used 44391K [0x0000000081600000, 0x0000000087a80000, 0x00000000d5d00000)
  object space 102912K, 43% used [0x0000000081600000,0x0000000084159f60,0x0000000087a80000)
 Metaspace       used 37430K, capacity 38052K, committed 38272K, reserved 1089536K
  class space    used 4475K, capacity 4690K, committed 4736K, reserved 1048576K
Event: 7.919 GC heap after
Heap after GC invocations=13 (full 3):
 PSYoungGen      total 282112K, used 128K [0x00000000d5d00000, 0x00000000e8800000, 0x0000000100000000)
  eden space 264192K, 0% used [0x00000000d5d00000,0x00000000d5d00000,0x00000000e5f00000)
  from space 17920K, 0% used [0x00000000e7280000,0x00000000e72a0000,0x00000000e8400000)
  to   space 19968K, 0% used [0x00000000e5f00000,0x00000000e5f00000,0x00000000e7280000)
 ParOldGen       total 102912K, used 44391K [0x0000000081600000, 0x0000000087a80000, 0x00000000d5d00000)
  object space 102912K, 43% used [0x0000000081600000,0x0000000084159f60,0x0000000087a80000)
 Metaspace       used 37430K, capacity 38052K, committed 38272K, reserved 1089536K
  class space    used 4475K, capacity 4690K, committed 4736K, reserved 1048576K
}
Event: 7.919 GC heap before
{Heap before GC invocations=14 (full 4):
 PSYoungGen      total 282112K, used 128K [0x00000000d5d00000, 0x00000000e8800000, 0x0000000100000000)
  eden space 264192K, 0% used [0x00000000d5d00000,0x00000000d5d00000,0x00000000e5f00000)
  from space 17920K, 0% used [0x00000000e7280000,0x00000000e72a0000,0x00000000e8400000)
  to   space 19968K, 0% used [0x00000000e5f00000,0x00000000e5f00000,0x00000000e7280000)
 ParOldGen       total 102912K, used 44391K [0x0000000081600000, 0x0000000087a80000, 0x00000000d5d00000)
  object space 102912K, 43% used [0x0000000081600000,0x0000000084159f60,0x0000000087a80000)
 Metaspace       used 37430K, capacity 38052K, committed 38272K, reserved 1089536K
  class space    used 4475K, capacity 4690K, committed 4736K, reserved 1048576K
Event: 7.971 GC heap after
Heap after GC invocations=14 (full 4):
 PSYoungGen      total 282112K, used 0K [0x00000000d5d00000, 0x00000000e8800000, 0x0000000100000000)
  eden space 264192K, 0% used [0x00000000d5d00000,0x00000000d5d00000,0x00000000e5f00000)
  from space 17920K, 0% used [0x00000000e7280000,0x00000000e7280000,0x00000000e8400000)
  to   space 19968K, 0% used [0x00000000e5f00000,0x00000000e5f00000,0x00000000e7280000)
 ParOldGen       total 102912K, used 42726K [0x0000000081600000, 0x0000000087a80000, 0x00000000d5d00000)
  object space 102912K, 41% used [0x0000000081600000,0x0000000083fb98e8,0x0000000087a80000)
 Metaspace       used 37430K, capacity 38052K, committed 38272K, reserved 1087488K
  class space    used 4475K, capacity 4690K, committed 4736K, reserved 1048576K
}
Event: 7.971 GC heap before
{Heap before GC invocations=15 (full 4):
 PSYoungGen      total 282112K, used 0K [0x00000000d5d00000, 0x00000000e8800000, 0x0000000100000000)
  eden space 264192K, 0% used [0x00000000d5d00000,0x00000000d5d00000,0x00000000e5f00000)
  from space 17920K, 0% used [0x00000000e7280000,0x00000000e7280000,0x00000000e8400000)
  to   space 19968K, 0% used [0x00000000e5f00000,0x00000000e5f00000,0x00000000e7280000)
 ParOldGen       total 102912K, used 42726K [0x0000000081600000, 0x0000000087a80000, 0x00000000d5d00000)
  object space 102912K, 41% used [0x0000000081600000,0x0000000083fb98e8,0x0000000087a80000)
 Metaspace       used 37430K, capacity 38052K, committed 38272K, reserved 1091584K
  class space    used 4475K, capacity 4690K, committed 4736K, reserved 1048576K
Event: 7.972 GC heap after
Heap after GC invocations=15 (full 4):
 PSYoungGen      total 284160K, used 0K [0x00000000d5d00000, 0x00000000e8800000, 0x0000000100000000)
  eden space 264192K, 0% used [0x00000000d5d00000,0x00000000d5d00000,0x00000000e5f00000)
  from space 19968K, 0% used [0x00000000e5f00000,0x00000000e5f00000,0x00000000e7280000)
  to   space 17920K, 0% used [0x00000000e7280000,0x00000000e7280000,0x00000000e8400000)
 ParOldGen       total 102912K, used 42726K [0x0000000081600000, 0x0000000087a80000, 0x00000000d5d00000)
  object space 102912K, 41% used [0x0000000081600000,0x0000000083fb98e8,0x0000000087a80000)
 Metaspace       used 37430K, capacity 38052K, committed 38272K, reserved 1091584K
  class space    used 4475K, capacity 4690K, committed 4736K, reserved 1048576K
}
Event: 7.972 GC heap before
{Heap before GC invocations=16 (full 5):
 PSYoungGen      total 284160K, used 0K [0x00000000d5d00000, 0x00000000e8800000, 0x0000000100000000)
  eden space 264192K, 0% used [0x00000000d5d00000,0x00000000d5d00000,0x00000000e5f00000)
  from space 19968K, 0% used [0x00000000e5f00000,0x00000000e5f00000,0x00000000e7280000)
  to   space 17920K, 0% used [0x00000000e7280000,0x00000000e7280000,0x00000000e8400000)
 ParOldGen       total 102912K, used 42726K [0x0000000081600000, 0x0000000087a80000, 0x00000000d5d00000)
  object space 102912K, 41% used [0x0000000081600000,0x0000000083fb98e8,0x0000000087a80000)
 Metaspace       used 37430K, capacity 38052K, committed 38272K, reserved 1091584K
  class space    used 4475K, capacity 4690K, committed 4736K, reserved 1048576K
Event: 8.180 GC heap after
Heap after GC invocations=16 (full 5):
 PSYoungGen      total 284160K, used 0K [0x00000000d5d00000, 0x00000000e8800000, 0x0000000100000000)
  eden space 264192K, 0% used [0x00000000d5d00000,0x00000000d5d00000,0x00000000e5f00000)
  from space 19968K, 0% used [0x00000000e5f00000,0x00000000e5f00000,0x00000000e7280000)
  to   space 17920K, 0% used [0x00000000e7280000,0x00000000e7280000,0x00000000e8400000)
 ParOldGen       total 102912K, used 39778K [0x0000000081600000, 0x0000000087a80000, 0x00000000d5d00000)
  object space 102912K, 38% used [0x0000000081600000,0x0000000083cd8b98,0x0000000087a80000)
 Metaspace       used 37300K, capacity 37804K, committed 38272K, reserved 1087488K
  class space    used 4449K, capacity 4644K, committed 4736K, reserved 1048576K
}

